2012/05/17 12:16:07 [error] [exception.CException] exception 'CException' with message 'Property "CDbCriteria.:JoukkueID" is not defined.' in /Projects/yii/framework/base/CComponent.php:174
Stack trace:
#0 /Projects/yii/framework/db/schema/CDbCriteria.php(153): CComponent->__set(':JoukkueID', 1)
#1 /Projects/yii/framework/db/schema/CDbCommandBuilder.php(462): CDbCriteria->__construct(Array)
#2 /Projects/yii/framework/db/ar/CActiveRecord.php(1391): CDbCommandBuilder->createCriteria(Array, Array)
#3 /Projects/Euro2012/protected/controllers/SiteController.php(64): CActiveRecord->find(Array)
#4 /Projects/Euro2012/protected/controllers/SiteController.php(42): SiteController->getDropDownListForGroup(1)
#5 /Projects/yii/framework/web/actions/CInlineAction.php(50): SiteController->actionLeaveBet()
#6 /Projects/yii/framework/web/CController.php(309): CInlineAction->runWithParams(Array)
#7 /Projects/yii/framework/web/CController.php(287): CController->runAction(Object(CInlineAction))
#8 /Projects/yii/framework/web/CController.php(266): CController->runActionWithFilters(Object(CInlineAction), Array)
#9 /Projects/yii/framework/web/CWebApplication.php(276): CController->run('leaveBet')
#10 /Projects/yii/framework/web/CWebApplication.php(135): CWebApplication->runController('site/leaveBet')
#11 /Projects/yii/framework/base/CApplication.php(162): CWebApplication->processRequest()
#12 /Projects/Euro2012/index.php(13): CApplication->run()
#13 {main}
REQUEST_URI=/Euro2012/index.php?r=site/leaveBet
HTTP_REFERER=http://localhost/Euro2012/index.php
---
2012/05/17 12:16:33 [error] [exception.CException] exception 'CException' with message 'Property "CDbCriteria.JoukkueID" is not defined.' in /Projects/yii/framework/base/CComponent.php:174
Stack trace:
#0 /Projects/yii/framework/db/schema/CDbCriteria.php(153): CComponent->__set('JoukkueID', 1)
#1 /Projects/yii/framework/db/schema/CDbCommandBuilder.php(462): CDbCriteria->__construct(Array)
#2 /Projects/yii/framework/db/ar/CActiveRecord.php(1391): CDbCommandBuilder->createCriteria(Array, Array)
#3 /Projects/Euro2012/protected/controllers/SiteController.php(64): CActiveRecord->find(Array)
#4 /Projects/Euro2012/protected/controllers/SiteController.php(42): SiteController->getDropDownListForGroup(1)
#5 /Projects/yii/framework/web/actions/CInlineAction.php(50): SiteController->actionLeaveBet()
#6 /Projects/yii/framework/web/CController.php(309): CInlineAction->runWithParams(Array)
#7 /Projects/yii/framework/web/CController.php(287): CController->runAction(Object(CInlineAction))
#8 /Projects/yii/framework/web/CController.php(266): CController->runActionWithFilters(Object(CInlineAction), Array)
#9 /Projects/yii/framework/web/CWebApplication.php(276): CController->run('leaveBet')
#10 /Projects/yii/framework/web/CWebApplication.php(135): CWebApplication->runController('site/leaveBet')
#11 /Projects/yii/framework/base/CApplication.php(162): CWebApplication->processRequest()
#12 /Projects/Euro2012/index.php(13): CApplication->run()
#13 {main}
REQUEST_URI=/Euro2012/index.php?r=site/leaveBet
HTTP_REFERER=http://localhost/Euro2012/index.php
---
2012/05/17 12:17:04 [error] [exception.CException] exception 'CException' with message 'Property "CDbCriteria.JoukkueID=" is not defined.' in /Projects/yii/framework/base/CComponent.php:174
Stack trace:
#0 /Projects/yii/framework/db/schema/CDbCriteria.php(153): CComponent->__set('JoukkueID=', 1)
#1 /Projects/yii/framework/db/schema/CDbCommandBuilder.php(462): CDbCriteria->__construct(Array)
#2 /Projects/yii/framework/db/ar/CActiveRecord.php(1391): CDbCommandBuilder->createCriteria(Array, Array)
#3 /Projects/Euro2012/protected/controllers/SiteController.php(64): CActiveRecord->find(Array)
#4 /Projects/Euro2012/protected/controllers/SiteController.php(42): SiteController->getDropDownListForGroup(1)
#5 /Projects/yii/framework/web/actions/CInlineAction.php(50): SiteController->actionLeaveBet()
#6 /Projects/yii/framework/web/CController.php(309): CInlineAction->runWithParams(Array)
#7 /Projects/yii/framework/web/CController.php(287): CController->runAction(Object(CInlineAction))
#8 /Projects/yii/framework/web/CController.php(266): CController->runActionWithFilters(Object(CInlineAction), Array)
#9 /Projects/yii/framework/web/CWebApplication.php(276): CController->run('leaveBet')
#10 /Projects/yii/framework/web/CWebApplication.php(135): CWebApplication->runController('site/leaveBet')
#11 /Projects/yii/framework/base/CApplication.php(162): CWebApplication->processRequest()
#12 /Projects/Euro2012/index.php(13): CApplication->run()
#13 {main}
REQUEST_URI=/Euro2012/index.php?r=site/leaveBet
HTTP_REFERER=http://localhost/Euro2012/index.php
---
2012/05/17 12:17:09 [error] [exception.CException] exception 'CException' with message 'Property "CDbCriteria.:JoukkueID=" is not defined.' in /Projects/yii/framework/base/CComponent.php:174
Stack trace:
#0 /Projects/yii/framework/db/schema/CDbCriteria.php(153): CComponent->__set(':JoukkueID=', 1)
#1 /Projects/yii/framework/db/schema/CDbCommandBuilder.php(462): CDbCriteria->__construct(Array)
#2 /Projects/yii/framework/db/ar/CActiveRecord.php(1391): CDbCommandBuilder->createCriteria(Array, Array)
#3 /Projects/Euro2012/protected/controllers/SiteController.php(64): CActiveRecord->find(Array)
#4 /Projects/Euro2012/protected/controllers/SiteController.php(42): SiteController->getDropDownListForGroup(1)
#5 /Projects/yii/framework/web/actions/CInlineAction.php(50): SiteController->actionLeaveBet()
#6 /Projects/yii/framework/web/CController.php(309): CInlineAction->runWithParams(Array)
#7 /Projects/yii/framework/web/CController.php(287): CController->runAction(Object(CInlineAction))
#8 /Projects/yii/framework/web/CController.php(266): CController->runActionWithFilters(Object(CInlineAction), Array)
#9 /Projects/yii/framework/web/CWebApplication.php(276): CController->run('leaveBet')
#10 /Projects/yii/framework/web/CWebApplication.php(135): CWebApplication->runController('site/leaveBet')
#11 /Projects/yii/framework/base/CApplication.php(162): CWebApplication->processRequest()
#12 /Projects/Euro2012/index.php(13): CApplication->run()
#13 {main}
REQUEST_URI=/Euro2012/index.php?r=site/leaveBet
HTTP_REFERER=http://localhost/Euro2012/index.php
---
2012/05/17 12:24:09 [error] [exception.CException] exception 'CException' with message 'Property "Veikkaaja.Nimimerkki" is not defined.' in /Projects/yii/framework/base/CComponent.php:131
Stack trace:
#0 /Projects/yii/framework/db/ar/CActiveRecord.php(144): CComponent->__get('Nimimerkki')
#1 /Projects/yii/framework/web/helpers/CHtml.php(2044): CActiveRecord->__get('Nimimerkki')
#2 /Projects/yii/framework/web/helpers/CHtml.php(1774): CHtml::resolveValue(Object(Veikkaaja), 'Nimimerkki')
#3 /Projects/yii/framework/web/helpers/CHtml.php(1205): CHtml::activeInputField('text', Object(Veikkaaja), 'Nimimerkki', Array)
#4 /Projects/Euro2012/protected/views/site/leaveBet.php(7): CHtml::activeTextField(Object(Veikkaaja), 'Nimimerkki')
#5 /Projects/yii/framework/web/CBaseController.php(127): require('/Projects/Euro2...')
#6 /Projects/yii/framework/web/CBaseController.php(96): CBaseController->renderInternal('/Projects/Euro2...', Array, true)
#7 /Projects/yii/framework/web/CController.php(870): CBaseController->renderFile('/Projects/Euro2...', Array, true)
#8 /Projects/yii/framework/web/CController.php(783): CController->renderPartial('leaveBet', Array, true)
#9 /Projects/Euro2012/protected/controllers/SiteController.php(56): CController->render('leaveBet', Array)
#10 /Projects/yii/framework/web/actions/CInlineAction.php(50): SiteController->actionLeaveBet()
#11 /Projects/yii/framework/web/CController.php(309): CInlineAction->runWithParams(Array)
#12 /Projects/yii/framework/web/CController.php(287): CController->runAction(Object(CInlineAction))
#13 /Projects/yii/framework/web/CController.php(266): CController->runActionWithFilters(Object(CInlineAction), Array)
#14 /Projects/yii/framework/web/CWebApplication.php(276): CController->run('leaveBet')
#15 /Projects/yii/framework/web/CWebApplication.php(135): CWebApplication->runController('site/leaveBet')
#16 /Projects/yii/framework/base/CApplication.php(162): CWebApplication->processRequest()
#17 /Projects/Euro2012/index.php(13): CApplication->run()
#18 {main}
REQUEST_URI=/Euro2012/index.php?r=site/leaveBet
HTTP_REFERER=http://localhost/Euro2012/index.php
---
2012/05/17 12:31:45 [error] [exception.CHttpException.404] exception 'CHttpException' with message 'The requested page does not exist.' in /Projects/Euro2012/protected/controllers/JoukkueControllerController.php:160
Stack trace:
#0 /Projects/Euro2012/protected/controllers/JoukkueControllerController.php(54): JoukkueControllerController->loadModel('4')
#1 [internal function]: JoukkueControllerController->actionView('4')
#2 /Projects/yii/framework/web/actions/CAction.php(107): ReflectionMethod->invokeArgs(Object(JoukkueControllerController), Array)
#3 /Projects/yii/framework/web/actions/CInlineAction.php(48): CAction->runWithParamsInternal(Object(JoukkueControllerController), Object(ReflectionMethod), Array)
#4 /Projects/yii/framework/web/CController.php(309): CInlineAction->runWithParams(Array)
#5 /Projects/yii/framework/web/filters/CFilterChain.php(134): CController->runAction(Object(CInlineAction))
#6 /Projects/yii/framework/web/filters/CFilter.php(41): CFilterChain->run()
#7 /Projects/yii/framework/web/CController.php(1146): CFilter->filter(Object(CFilterChain))
#8 /Projects/yii/framework/web/filters/CInlineFilter.php(59): CController->filterAccessControl(Object(CFilterChain))
#9 /Projects/yii/framework/web/filters/CFilterChain.php(131): CInlineFilter->filter(Object(CFilterChain))
#10 /Projects/yii/framework/web/CController.php(292): CFilterChain->run()
#11 /Projects/yii/framework/web/CController.php(266): CController->runActionWithFilters(Object(CInlineAction), Array)
#12 /Projects/yii/framework/web/CWebApplication.php(276): CController->run('view')
#13 /Projects/yii/framework/web/CWebApplication.php(135): CWebApplication->runController('joukkueControll...')
#14 /Projects/yii/framework/base/CApplication.php(162): CWebApplication->processRequest()
#15 /Projects/Euro2012/index.php(13): CApplication->run()
#16 {main}
REQUEST_URI=/Euro2012/index.php?r=joukkueController/view&id=4
---
2012/05/17 12:31:48 [error] [exception.CHttpException.400] exception 'CHttpException' with message 'Your request is invalid.' in /Projects/yii/framework/web/CController.php:337
Stack trace:
#0 /Projects/yii/framework/web/CController.php(310): CController->invalidActionParams(Object(CInlineAction))
#1 /Projects/yii/framework/web/filters/CFilterChain.php(134): CController->runAction(Object(CInlineAction))
#2 /Projects/yii/framework/web/filters/CFilter.php(41): CFilterChain->run()
#3 /Projects/yii/framework/web/CController.php(1146): CFilter->filter(Object(CFilterChain))
#4 /Projects/yii/framework/web/filters/CInlineFilter.php(59): CController->filterAccessControl(Object(CFilterChain))
#5 /Projects/yii/framework/web/filters/CFilterChain.php(131): CInlineFilter->filter(Object(CFilterChain))
#6 /Projects/yii/framework/web/CController.php(292): CFilterChain->run()
#7 /Projects/yii/framework/web/CController.php(266): CController->runActionWithFilters(Object(CInlineAction), Array)
#8 /Projects/yii/framework/web/CWebApplication.php(276): CController->run('view')
#9 /Projects/yii/framework/web/CWebApplication.php(135): CWebApplication->runController('joukkueControll...')
#10 /Projects/yii/framework/base/CApplication.php(162): CWebApplication->processRequest()
#11 /Projects/Euro2012/index.php(13): CApplication->run()
#12 {main}
REQUEST_URI=/Euro2012/index.php?r=joukkueController/view
---
2012/05/17 12:52:28 [error] [exception.CException] exception 'CException' with message 'SiteController and its behaviors do not have a method or closure named "getAllTheBets".' in /Projects/yii/framework/base/CComponent.php:266
Stack trace:
#0 [internal function]: CComponent->__call('getAllTheBets', Array)
#1 /Projects/Euro2012/protected/controllers/SiteController.php(42): SiteController->getAllTheBets()
#2 /Projects/yii/framework/web/actions/CInlineAction.php(50): SiteController->actionLeaveBet()
#3 /Projects/yii/framework/web/CController.php(309): CInlineAction->runWithParams(Array)
#4 /Projects/yii/framework/web/CController.php(287): CController->runAction(Object(CInlineAction))
#5 /Projects/yii/framework/web/CController.php(266): CController->runActionWithFilters(Object(CInlineAction), Array)
#6 /Projects/yii/framework/web/CWebApplication.php(276): CController->run('leaveBet')
#7 /Projects/yii/framework/web/CWebApplication.php(135): CWebApplication->runController('site/leaveBet')
#8 /Projects/yii/framework/base/CApplication.php(162): CWebApplication->processRequest()
#9 /Projects/Euro2012/index.php(13): CApplication->run()
#10 {main}
REQUEST_URI=/Euro2012/index.php?r=site/leaveBet
HTTP_REFERER=http://localhost/Euro2012/index.php
---
2012/05/17 12:52:40 [error] [php] Missing argument 1 for SiteController::getAllBets(), called in /Projects/Euro2012/protected/controllers/SiteController.php on line 42 and defined (/Projects/Euro2012/protected/controllers/SiteController.php:79)
Stack trace:
#0 /Projects/yii/framework/web/CController.php(309): CInlineAction->runWithParams()
#1 /Projects/yii/framework/web/CController.php(287): SiteController->runAction()
#2 /Projects/yii/framework/web/CController.php(266): SiteController->runActionWithFilters()
#3 /Projects/yii/framework/web/CWebApplication.php(276): SiteController->run()
#4 /Projects/yii/framework/web/CWebApplication.php(135): CWebApplication->runController()
#5 /Projects/yii/framework/base/CApplication.php(162): CWebApplication->processRequest()
#6 /Projects/Euro2012/index.php(13): CWebApplication->run()
REQUEST_URI=/Euro2012/index.php?r=site/leaveBet
in /Projects/Euro2012/protected/controllers/SiteController.php (79)
in /Projects/Euro2012/protected/controllers/SiteController.php (42)
in /Projects/Euro2012/index.php (13)
2012/05/17 12:52:48 [error] [system.db.CDbCommand] CDbCommand::fetchAll() failed: SQLSTATE[42000]: Syntax error or access violation: 1064 You have an error in your SQL syntax; check the manual that corresponds to your MySQL server version for the right syntax to use near 'ORDER BY VeikkausNimi ASC' at line 1. The SQL statement executed was: SELECT * FROM `Veikkaus` `t` WHERE ORDER BY VeikkausNimi ASC.
in /Projects/Euro2012/protected/controllers/SiteController.php (85)
in /Projects/Euro2012/protected/controllers/SiteController.php (42)
in /Projects/Euro2012/index.php (13)
2012/05/17 12:52:48 [error] [exception.CDbException] exception 'CDbException' with message 'CDbCommand failed to execute the SQL statement: SQLSTATE[42000]: Syntax error or access violation: 1064 You have an error in your SQL syntax; check the manual that corresponds to your MySQL server version for the right syntax to use near 'ORDER BY VeikkausNimi ASC' at line 1. The SQL statement executed was: SELECT * FROM `Veikkaus` `t` WHERE ORDER BY VeikkausNimi ASC' in /Projects/yii/framework/db/CDbCommand.php:528
Stack trace:
#0 /Projects/yii/framework/db/CDbCommand.php(390): CDbCommand->queryInternal('fetchAll', Array, Array)
#1 /Projects/yii/framework/db/ar/CActiveRecord.php(1287): CDbCommand->queryAll()
#2 /Projects/yii/framework/db/ar/CActiveRecord.php(1406): CActiveRecord->query(Object(CDbCriteria), true)
#3 /Projects/Euro2012/protected/controllers/SiteController.php(85): CActiveRecord->findAll(Object(CDbCriteria))
#4 /Projects/Euro2012/protected/controllers/SiteController.php(42): SiteController->getAllBets()
#5 /Projects/yii/framework/web/actions/CInlineAction.php(50): SiteController->actionLeaveBet()
#6 /Projects/yii/framework/web/CController.php(309): CInlineAction->runWithParams(Array)
#7 /Projects/yii/framework/web/CController.php(287): CController->runAction(Object(CInlineAction))
#8 /Projects/yii/framework/web/CController.php(266): CController->runActionWithFilters(Object(CInlineAction), Array)
#9 /Projects/yii/framework/web/CWebApplication.php(276): CController->run('leaveBet')
#10 /Projects/yii/framework/web/CWebApplication.php(135): CWebApplication->runController('site/leaveBet')
#11 /Projects/yii/framework/base/CApplication.php(162): CWebApplication->processRequest()
#12 /Projects/Euro2012/index.php(13): CApplication->run()
#13 {main}
REQUEST_URI=/Euro2012/index.php?r=site/leaveBet
HTTP_REFERER=http://localhost/Euro2012/index.php
---
2012/05/17 13:01:39 [error] [php] Invalid argument supplied for foreach() (/Projects/yii/framework/web/helpers/CHtml.php:1847)
Stack trace:
#0 /Projects/yii/framework/web/CBaseController.php(127): require()
#1 /Projects/yii/framework/web/CBaseController.php(96): SiteController->renderInternal()
#2 /Projects/yii/framework/web/CController.php(870): SiteController->renderFile()
#3 /Projects/yii/framework/web/CController.php(783): SiteController->renderPartial()
#4 /Projects/Euro2012/protected/controllers/SiteController.php(62): SiteController->render()
#5 /Projects/yii/framework/web/actions/CInlineAction.php(50): SiteController->actionLeaveBet()
#6 /Projects/yii/framework/web/CController.php(309): CInlineAction->runWithParams()
#7 /Projects/yii/framework/web/CController.php(287): SiteController->runAction()
#8 /Projects/yii/framework/web/CController.php(266): SiteController->runActionWithFilters()
#9 /Projects/yii/framework/web/CWebApplication.php(276): SiteController->run()
#10 /Projects/yii/framework/web/CWebApplication.php(135): CWebApplication->runController()
#11 /Projects/yii/framework/base/CApplication.php(162): CWebApplication->processRequest()
#12 /Projects/Euro2012/index.php(13): CWebApplication->run()
REQUEST_URI=/Euro2012/index.php?r=site/leaveBet
in /Projects/Euro2012/protected/views/site/leaveBet.php (43)
in /Projects/Euro2012/protected/controllers/SiteController.php (62)
in /Projects/Euro2012/index.php (13)
2012/05/17 13:05:33 [error] [php] Invalid argument supplied for foreach() (/Projects/yii/framework/web/helpers/CHtml.php:1847)
Stack trace:
#0 /Projects/yii/framework/web/CBaseController.php(127): require()
#1 /Projects/yii/framework/web/CBaseController.php(96): SiteController->renderInternal()
#2 /Projects/yii/framework/web/CController.php(870): SiteController->renderFile()
#3 /Projects/yii/framework/web/CController.php(783): SiteController->renderPartial()
#4 /Projects/Euro2012/protected/controllers/SiteController.php(64): SiteController->render()
#5 /Projects/yii/framework/web/actions/CInlineAction.php(50): SiteController->actionLeaveBet()
#6 /Projects/yii/framework/web/CController.php(309): CInlineAction->runWithParams()
#7 /Projects/yii/framework/web/CController.php(287): SiteController->runAction()
#8 /Projects/yii/framework/web/CController.php(266): SiteController->runActionWithFilters()
#9 /Projects/yii/framework/web/CWebApplication.php(276): SiteController->run()
#10 /Projects/yii/framework/web/CWebApplication.php(135): CWebApplication->runController()
#11 /Projects/yii/framework/base/CApplication.php(162): CWebApplication->processRequest()
#12 /Projects/Euro2012/index.php(13): CWebApplication->run()
REQUEST_URI=/Euro2012/index.php?r=site/leaveBet
in /Projects/Euro2012/protected/views/site/leaveBet.php (43)
in /Projects/Euro2012/protected/controllers/SiteController.php (64)
in /Projects/Euro2012/index.php (13)
2012/05/17 13:05:34 [error] [php] Invalid argument supplied for foreach() (/Projects/yii/framework/web/helpers/CHtml.php:1847)
Stack trace:
#0 /Projects/yii/framework/web/CBaseController.php(127): require()
#1 /Projects/yii/framework/web/CBaseController.php(96): SiteController->renderInternal()
#2 /Projects/yii/framework/web/CController.php(870): SiteController->renderFile()
#3 /Projects/yii/framework/web/CController.php(783): SiteController->renderPartial()
#4 /Projects/Euro2012/protected/controllers/SiteController.php(64): SiteController->render()
#5 /Projects/yii/framework/web/actions/CInlineAction.php(50): SiteController->actionLeaveBet()
#6 /Projects/yii/framework/web/CController.php(309): CInlineAction->runWithParams()
#7 /Projects/yii/framework/web/CController.php(287): SiteController->runAction()
#8 /Projects/yii/framework/web/CController.php(266): SiteController->runActionWithFilters()
#9 /Projects/yii/framework/web/CWebApplication.php(276): SiteController->run()
#10 /Projects/yii/framework/web/CWebApplication.php(135): CWebApplication->runController()
#11 /Projects/yii/framework/base/CApplication.php(162): CWebApplication->processRequest()
#12 /Projects/Euro2012/index.php(13): CWebApplication->run()
REQUEST_URI=/Euro2012/index.php?r=site/leaveBet
in /Projects/Euro2012/protected/views/site/leaveBet.php (43)
in /Projects/Euro2012/protected/controllers/SiteController.php (64)
in /Projects/Euro2012/index.php (13)
2012/05/17 13:06:23 [error] [system.db.CDbCommand] CDbCommand::fetchAll() failed: SQLSTATE[42000]: Syntax error or access violation: 1064 You have an error in your SQL syntax; check the manual that corresponds to your MySQL server version for the right syntax to use near 'ORDER BY MaaNimi ASC' at line 1. The SQL statement executed was: SELECT * FROM `Joukkue` `t` WHERE LohkoID =  ORDER BY MaaNimi ASC.
in /Projects/Euro2012/protected/controllers/SiteController.php (84)
in /Projects/Euro2012/protected/controllers/SiteController.php (47)
in /Projects/Euro2012/index.php (13)
2012/05/17 13:06:23 [error] [exception.CDbException] exception 'CDbException' with message 'CDbCommand failed to execute the SQL statement: SQLSTATE[42000]: Syntax error or access violation: 1064 You have an error in your SQL syntax; check the manual that corresponds to your MySQL server version for the right syntax to use near 'ORDER BY MaaNimi ASC' at line 1. The SQL statement executed was: SELECT * FROM `Joukkue` `t` WHERE LohkoID =  ORDER BY MaaNimi ASC' in /Projects/yii/framework/db/CDbCommand.php:528
Stack trace:
#0 /Projects/yii/framework/db/CDbCommand.php(390): CDbCommand->queryInternal('fetchAll', Array, Array)
#1 /Projects/yii/framework/db/ar/CActiveRecord.php(1287): CDbCommand->queryAll()
#2 /Projects/yii/framework/db/ar/CActiveRecord.php(1406): CActiveRecord->query(Object(CDbCriteria), true)
#3 /Projects/Euro2012/protected/controllers/SiteController.php(84): CActiveRecord->findAll(Object(CDbCriteria))
#4 /Projects/Euro2012/protected/controllers/SiteController.php(47): SiteController->getDropDownListForGroup(false)
#5 /Projects/yii/framework/web/actions/CInlineAction.php(50): SiteController->actionLeaveBet()
#6 /Projects/yii/framework/web/CController.php(309): CInlineAction->runWithParams(Array)
#7 /Projects/yii/framework/web/CController.php(287): CController->runAction(Object(CInlineAction))
#8 /Projects/yii/framework/web/CController.php(266): CController->runActionWithFilters(Object(CInlineAction), Array)
#9 /Projects/yii/framework/web/CWebApplication.php(276): CController->run('leaveBet')
#10 /Projects/yii/framework/web/CWebApplication.php(135): CWebApplication->runController('site/leaveBet')
#11 /Projects/yii/framework/base/CApplication.php(162): CWebApplication->processRequest()
#12 /Projects/Euro2012/index.php(13): CApplication->run()
#13 {main}
REQUEST_URI=/Euro2012/index.php?r=site/leaveBet
HTTP_REFERER=http://localhost/Euro2012/index.php
---
2012/05/17 13:08:07 [error] [system.db.CDbCommand] CDbCommand::fetchAll() failed: SQLSTATE[42000]: Syntax error or access violation: 1064 You have an error in your SQL syntax; check the manual that corresponds to your MySQL server version for the right syntax to use near 'ORDER BY MaaNimi ASC' at line 1. The SQL statement executed was: SELECT * FROM `Joukkue` `t` WHERE LohkoID =  ORDER BY MaaNimi ASC.
in /Projects/Euro2012/protected/controllers/SiteController.php (82)
in /Projects/Euro2012/protected/controllers/SiteController.php (47)
in /Projects/Euro2012/index.php (13)
2012/05/17 13:08:07 [error] [exception.CDbException] exception 'CDbException' with message 'CDbCommand failed to execute the SQL statement: SQLSTATE[42000]: Syntax error or access violation: 1064 You have an error in your SQL syntax; check the manual that corresponds to your MySQL server version for the right syntax to use near 'ORDER BY MaaNimi ASC' at line 1. The SQL statement executed was: SELECT * FROM `Joukkue` `t` WHERE LohkoID =  ORDER BY MaaNimi ASC' in /Projects/yii/framework/db/CDbCommand.php:528
Stack trace:
#0 /Projects/yii/framework/db/CDbCommand.php(390): CDbCommand->queryInternal('fetchAll', Array, Array)
#1 /Projects/yii/framework/db/ar/CActiveRecord.php(1287): CDbCommand->queryAll()
#2 /Projects/yii/framework/db/ar/CActiveRecord.php(1406): CActiveRecord->query(Object(CDbCriteria), true)
#3 /Projects/Euro2012/protected/controllers/SiteController.php(82): CActiveRecord->findAll(Object(CDbCriteria))
#4 /Projects/Euro2012/protected/controllers/SiteController.php(47): SiteController->getDropDownListForGroup(false)
#5 /Projects/yii/framework/web/actions/CInlineAction.php(50): SiteController->actionLeaveBet()
#6 /Projects/yii/framework/web/CController.php(309): CInlineAction->runWithParams(Array)
#7 /Projects/yii/framework/web/CController.php(287): CController->runAction(Object(CInlineAction))
#8 /Projects/yii/framework/web/CController.php(266): CController->runActionWithFilters(Object(CInlineAction), Array)
#9 /Projects/yii/framework/web/CWebApplication.php(276): CController->run('leaveBet')
#10 /Projects/yii/framework/web/CWebApplication.php(135): CWebApplication->runController('site/leaveBet')
#11 /Projects/yii/framework/base/CApplication.php(162): CWebApplication->processRequest()
#12 /Projects/Euro2012/index.php(13): CApplication->run()
#13 {main}
REQUEST_URI=/Euro2012/index.php?r=site/leaveBet
HTTP_REFERER=http://localhost/Euro2012/index.php
---
2012/05/17 13:09:05 [error] [system.db.CDbCommand] CDbCommand::fetchAll() failed: SQLSTATE[42000]: Syntax error or access violation: 1064 You have an error in your SQL syntax; check the manual that corresponds to your MySQL server version for the right syntax to use near 'ORDER BY MaaNimi ASC' at line 1. The SQL statement executed was: SELECT * FROM `Joukkue` `t` WHERE LohkoID =  ORDER BY MaaNimi ASC.
in /Projects/Euro2012/protected/controllers/SiteController.php (82)
in /Projects/Euro2012/protected/controllers/SiteController.php (47)
in /Projects/Euro2012/index.php (13)
2012/05/17 13:09:05 [error] [exception.CDbException] exception 'CDbException' with message 'CDbCommand failed to execute the SQL statement: SQLSTATE[42000]: Syntax error or access violation: 1064 You have an error in your SQL syntax; check the manual that corresponds to your MySQL server version for the right syntax to use near 'ORDER BY MaaNimi ASC' at line 1. The SQL statement executed was: SELECT * FROM `Joukkue` `t` WHERE LohkoID =  ORDER BY MaaNimi ASC' in /Projects/yii/framework/db/CDbCommand.php:528
Stack trace:
#0 /Projects/yii/framework/db/CDbCommand.php(390): CDbCommand->queryInternal('fetchAll', Array, Array)
#1 /Projects/yii/framework/db/ar/CActiveRecord.php(1287): CDbCommand->queryAll()
#2 /Projects/yii/framework/db/ar/CActiveRecord.php(1406): CActiveRecord->query(Object(CDbCriteria), true)
#3 /Projects/Euro2012/protected/controllers/SiteController.php(82): CActiveRecord->findAll(Object(CDbCriteria))
#4 /Projects/Euro2012/protected/controllers/SiteController.php(47): SiteController->getDropDownListForGroup(false)
#5 /Projects/yii/framework/web/actions/CInlineAction.php(50): SiteController->actionLeaveBet()
#6 /Projects/yii/framework/web/CController.php(309): CInlineAction->runWithParams(Array)
#7 /Projects/yii/framework/web/CController.php(287): CController->runAction(Object(CInlineAction))
#8 /Projects/yii/framework/web/CController.php(266): CController->runActionWithFilters(Object(CInlineAction), Array)
#9 /Projects/yii/framework/web/CWebApplication.php(276): CController->run('leaveBet')
#10 /Projects/yii/framework/web/CWebApplication.php(135): CWebApplication->runController('site/leaveBet')
#11 /Projects/yii/framework/base/CApplication.php(162): CWebApplication->processRequest()
#12 /Projects/Euro2012/index.php(13): CApplication->run()
#13 {main}
REQUEST_URI=/Euro2012/index.php?r=site/leaveBet
HTTP_REFERER=http://localhost/Euro2012/index.php
---
2012/05/17 13:09:05 [error] [system.db.CDbCommand] CDbCommand::fetchAll() failed: SQLSTATE[42000]: Syntax error or access violation: 1064 You have an error in your SQL syntax; check the manual that corresponds to your MySQL server version for the right syntax to use near 'ORDER BY MaaNimi ASC' at line 1. The SQL statement executed was: SELECT * FROM `Joukkue` `t` WHERE LohkoID =  ORDER BY MaaNimi ASC.
in /Projects/Euro2012/protected/controllers/SiteController.php (82)
in /Projects/Euro2012/protected/controllers/SiteController.php (47)
in /Projects/Euro2012/index.php (13)
2012/05/17 13:09:05 [error] [exception.CDbException] exception 'CDbException' with message 'CDbCommand failed to execute the SQL statement: SQLSTATE[42000]: Syntax error or access violation: 1064 You have an error in your SQL syntax; check the manual that corresponds to your MySQL server version for the right syntax to use near 'ORDER BY MaaNimi ASC' at line 1. The SQL statement executed was: SELECT * FROM `Joukkue` `t` WHERE LohkoID =  ORDER BY MaaNimi ASC' in /Projects/yii/framework/db/CDbCommand.php:528
Stack trace:
#0 /Projects/yii/framework/db/CDbCommand.php(390): CDbCommand->queryInternal('fetchAll', Array, Array)
#1 /Projects/yii/framework/db/ar/CActiveRecord.php(1287): CDbCommand->queryAll()
#2 /Projects/yii/framework/db/ar/CActiveRecord.php(1406): CActiveRecord->query(Object(CDbCriteria), true)
#3 /Projects/Euro2012/protected/controllers/SiteController.php(82): CActiveRecord->findAll(Object(CDbCriteria))
#4 /Projects/Euro2012/protected/controllers/SiteController.php(47): SiteController->getDropDownListForGroup(false)
#5 /Projects/yii/framework/web/actions/CInlineAction.php(50): SiteController->actionLeaveBet()
#6 /Projects/yii/framework/web/CController.php(309): CInlineAction->runWithParams(Array)
#7 /Projects/yii/framework/web/CController.php(287): CController->runAction(Object(CInlineAction))
#8 /Projects/yii/framework/web/CController.php(266): CController->runActionWithFilters(Object(CInlineAction), Array)
#9 /Projects/yii/framework/web/CWebApplication.php(276): CController->run('leaveBet')
#10 /Projects/yii/framework/web/CWebApplication.php(135): CWebApplication->runController('site/leaveBet')
#11 /Projects/yii/framework/base/CApplication.php(162): CWebApplication->processRequest()
#12 /Projects/Euro2012/index.php(13): CApplication->run()
#13 {main}
REQUEST_URI=/Euro2012/index.php?r=site/leaveBet
HTTP_REFERER=http://localhost/Euro2012/index.php
---
2012/05/17 13:09:09 [error] [system.db.CDbCommand] CDbCommand::fetchAll() failed: SQLSTATE[42000]: Syntax error or access violation: 1064 You have an error in your SQL syntax; check the manual that corresponds to your MySQL server version for the right syntax to use near 'ORDER BY MaaNimi ASC' at line 1. The SQL statement executed was: SELECT * FROM `Joukkue` `t` WHERE LohkoID =  ORDER BY MaaNimi ASC.
in /Projects/Euro2012/protected/controllers/SiteController.php (82)
in /Projects/Euro2012/protected/controllers/SiteController.php (47)
in /Projects/Euro2012/index.php (13)
2012/05/17 13:09:09 [error] [exception.CDbException] exception 'CDbException' with message 'CDbCommand failed to execute the SQL statement: SQLSTATE[42000]: Syntax error or access violation: 1064 You have an error in your SQL syntax; check the manual that corresponds to your MySQL server version for the right syntax to use near 'ORDER BY MaaNimi ASC' at line 1. The SQL statement executed was: SELECT * FROM `Joukkue` `t` WHERE LohkoID =  ORDER BY MaaNimi ASC' in /Projects/yii/framework/db/CDbCommand.php:528
Stack trace:
#0 /Projects/yii/framework/db/CDbCommand.php(390): CDbCommand->queryInternal('fetchAll', Array, Array)
#1 /Projects/yii/framework/db/ar/CActiveRecord.php(1287): CDbCommand->queryAll()
#2 /Projects/yii/framework/db/ar/CActiveRecord.php(1406): CActiveRecord->query(Object(CDbCriteria), true)
#3 /Projects/Euro2012/protected/controllers/SiteController.php(82): CActiveRecord->findAll(Object(CDbCriteria))
#4 /Projects/Euro2012/protected/controllers/SiteController.php(47): SiteController->getDropDownListForGroup(false)
#5 /Projects/yii/framework/web/actions/CInlineAction.php(50): SiteController->actionLeaveBet()
#6 /Projects/yii/framework/web/CController.php(309): CInlineAction->runWithParams(Array)
#7 /Projects/yii/framework/web/CController.php(287): CController->runAction(Object(CInlineAction))
#8 /Projects/yii/framework/web/CController.php(266): CController->runActionWithFilters(Object(CInlineAction), Array)
#9 /Projects/yii/framework/web/CWebApplication.php(276): CController->run('leaveBet')
#10 /Projects/yii/framework/web/CWebApplication.php(135): CWebApplication->runController('site/leaveBet')
#11 /Projects/yii/framework/base/CApplication.php(162): CWebApplication->processRequest()
#12 /Projects/Euro2012/index.php(13): CApplication->run()
#13 {main}
REQUEST_URI=/Euro2012/index.php?r=site/leaveBet
HTTP_REFERER=http://localhost/Euro2012/index.php
---
2012/05/17 13:09:10 [error] [system.db.CDbCommand] CDbCommand::fetchAll() failed: SQLSTATE[42000]: Syntax error or access violation: 1064 You have an error in your SQL syntax; check the manual that corresponds to your MySQL server version for the right syntax to use near 'ORDER BY MaaNimi ASC' at line 1. The SQL statement executed was: SELECT * FROM `Joukkue` `t` WHERE LohkoID =  ORDER BY MaaNimi ASC.
in /Projects/Euro2012/protected/controllers/SiteController.php (82)
in /Projects/Euro2012/protected/controllers/SiteController.php (47)
in /Projects/Euro2012/index.php (13)
2012/05/17 13:09:10 [error] [exception.CDbException] exception 'CDbException' with message 'CDbCommand failed to execute the SQL statement: SQLSTATE[42000]: Syntax error or access violation: 1064 You have an error in your SQL syntax; check the manual that corresponds to your MySQL server version for the right syntax to use near 'ORDER BY MaaNimi ASC' at line 1. The SQL statement executed was: SELECT * FROM `Joukkue` `t` WHERE LohkoID =  ORDER BY MaaNimi ASC' in /Projects/yii/framework/db/CDbCommand.php:528
Stack trace:
#0 /Projects/yii/framework/db/CDbCommand.php(390): CDbCommand->queryInternal('fetchAll', Array, Array)
#1 /Projects/yii/framework/db/ar/CActiveRecord.php(1287): CDbCommand->queryAll()
#2 /Projects/yii/framework/db/ar/CActiveRecord.php(1406): CActiveRecord->query(Object(CDbCriteria), true)
#3 /Projects/Euro2012/protected/controllers/SiteController.php(82): CActiveRecord->findAll(Object(CDbCriteria))
#4 /Projects/Euro2012/protected/controllers/SiteController.php(47): SiteController->getDropDownListForGroup(false)
#5 /Projects/yii/framework/web/actions/CInlineAction.php(50): SiteController->actionLeaveBet()
#6 /Projects/yii/framework/web/CController.php(309): CInlineAction->runWithParams(Array)
#7 /Projects/yii/framework/web/CController.php(287): CController->runAction(Object(CInlineAction))
#8 /Projects/yii/framework/web/CController.php(266): CController->runActionWithFilters(Object(CInlineAction), Array)
#9 /Projects/yii/framework/web/CWebApplication.php(276): CController->run('leaveBet')
#10 /Projects/yii/framework/web/CWebApplication.php(135): CWebApplication->runController('site/leaveBet')
#11 /Projects/yii/framework/base/CApplication.php(162): CWebApplication->processRequest()
#12 /Projects/Euro2012/index.php(13): CApplication->run()
#13 {main}
REQUEST_URI=/Euro2012/index.php?r=site/leaveBet
HTTP_REFERER=http://localhost/Euro2012/index.php
---
2012/05/17 13:09:29 [error] [system.db.CDbCommand] CDbCommand::fetchAll() failed: SQLSTATE[42000]: Syntax error or access violation: 1064 You have an error in your SQL syntax; check the manual that corresponds to your MySQL server version for the right syntax to use near 'ORDER BY MaaNimi ASC' at line 1. The SQL statement executed was: SELECT * FROM `Joukkue` `t` WHERE LohkoID =  ORDER BY MaaNimi ASC.
in /Projects/Euro2012/protected/controllers/SiteController.php (82)
in /Projects/Euro2012/protected/controllers/SiteController.php (68)
in /Projects/Euro2012/protected/controllers/SiteController.php (47)
2012/05/17 13:09:29 [error] [exception.CDbException] exception 'CDbException' with message 'CDbCommand failed to execute the SQL statement: SQLSTATE[42000]: Syntax error or access violation: 1064 You have an error in your SQL syntax; check the manual that corresponds to your MySQL server version for the right syntax to use near 'ORDER BY MaaNimi ASC' at line 1. The SQL statement executed was: SELECT * FROM `Joukkue` `t` WHERE LohkoID =  ORDER BY MaaNimi ASC' in /Projects/yii/framework/db/CDbCommand.php:528
Stack trace:
#0 /Projects/yii/framework/db/CDbCommand.php(390): CDbCommand->queryInternal('fetchAll', Array, Array)
#1 /Projects/yii/framework/db/ar/CActiveRecord.php(1287): CDbCommand->queryAll()
#2 /Projects/yii/framework/db/ar/CActiveRecord.php(1406): CActiveRecord->query(Object(CDbCriteria), true)
#3 /Projects/Euro2012/protected/controllers/SiteController.php(82): CActiveRecord->findAll(Object(CDbCriteria))
#4 /Projects/Euro2012/protected/controllers/SiteController.php(68): SiteController->getDropDownListForGroup(false)
#5 /Projects/Euro2012/protected/controllers/SiteController.php(47): SiteController->getAllGroups()
#6 /Projects/yii/framework/web/actions/CInlineAction.php(50): SiteController->actionLeaveBet()
#7 /Projects/yii/framework/web/CController.php(309): CInlineAction->runWithParams(Array)
#8 /Projects/yii/framework/web/CController.php(287): CController->runAction(Object(CInlineAction))
#9 /Projects/yii/framework/web/CController.php(266): CController->runActionWithFilters(Object(CInlineAction), Array)
#10 /Projects/yii/framework/web/CWebApplication.php(276): CController->run('leaveBet')
#11 /Projects/yii/framework/web/CWebApplication.php(135): CWebApplication->runController('site/leaveBet')
#12 /Projects/yii/framework/base/CApplication.php(162): CWebApplication->processRequest()
#13 /Projects/Euro2012/index.php(13): CApplication->run()
#14 {main}
REQUEST_URI=/Euro2012/index.php?r=site/leaveBet
HTTP_REFERER=http://localhost/Euro2012/index.php
---
2012/05/28 15:07:54 [error] [php] include(VeikkausManager.php) [<a href='function.include'>function.include</a>]: failed to open stream: No such file or directory (/Projects/yii/framework/YiiBase.php:418)
Stack trace:
#0 /Projects/Euro2012/protected/controllers/SiteController.php(52): spl_autoload_call()
#1 /Projects/yii/framework/web/actions/CInlineAction.php(50): SiteController->actionLeaveBet()
#2 /Projects/yii/framework/web/CController.php(309): CInlineAction->runWithParams()
#3 /Projects/yii/framework/web/CController.php(287): SiteController->runAction()
#4 /Projects/yii/framework/web/CController.php(266): SiteController->runActionWithFilters()
#5 /Projects/yii/framework/web/CWebApplication.php(276): SiteController->run()
#6 /Projects/yii/framework/web/CWebApplication.php(135): CWebApplication->runController()
#7 /Projects/yii/framework/base/CApplication.php(162): CWebApplication->processRequest()
#8 /Projects/Euro2012/index.php(13): CWebApplication->run()
REQUEST_URI=/Euro2012/index.php?r=site/leaveBet
in /Projects/Euro2012/protected/controllers/SiteController.php (52)
in /Projects/Euro2012/index.php (13)
2012/05/28 15:10:41 [error] [php] include(VeikkausManager.php) [<a href='function.include'>function.include</a>]: failed to open stream: No such file or directory (/Projects/Euro2012/protected/controllers/SiteController.php:3)
Stack trace:
#0 /Projects/yii/framework/web/CWebApplication.php(270): CWebApplication->createController()
#1 /Projects/yii/framework/web/CWebApplication.php(135): CWebApplication->runController()
#2 /Projects/yii/framework/base/CApplication.php(162): CWebApplication->processRequest()
#3 /Projects/Euro2012/index.php(13): CWebApplication->run()
REQUEST_URI=/Euro2012/index.php?r=site/leaveBet
in /Projects/Euro2012/protected/controllers/SiteController.php (3)
in /Projects/Euro2012/protected/controllers/SiteController.php (3)
in /Projects/Euro2012/index.php (13)
2012/05/28 15:13:49 [error] [php] Invalid argument supplied for foreach() (/Projects/yii/framework/web/helpers/CHtml.php:1847)
Stack trace:
#0 /Projects/yii/framework/web/CBaseController.php(127): require()
#1 /Projects/yii/framework/web/CBaseController.php(96): SiteController->renderInternal()
#2 /Projects/yii/framework/web/CController.php(870): SiteController->renderFile()
#3 /Projects/yii/framework/web/CController.php(783): SiteController->renderPartial()
#4 /Projects/Euro2012/protected/controllers/SiteController.php(54): SiteController->render()
#5 /Projects/yii/framework/web/actions/CInlineAction.php(50): SiteController->actionLeaveBet()
#6 /Projects/yii/framework/web/CController.php(309): CInlineAction->runWithParams()
#7 /Projects/yii/framework/web/CController.php(287): SiteController->runAction()
#8 /Projects/yii/framework/web/CController.php(266): SiteController->runActionWithFilters()
#9 /Projects/yii/framework/web/CWebApplication.php(276): SiteController->run()
#10 /Projects/yii/framework/web/CWebApplication.php(135): CWebApplication->runController()
#11 /Projects/yii/framework/base/CApplication.php(162): CWebApplication->processRequest()
#12 /Projects/Euro2012/index.php(13): CWebApplication->run()
REQUEST_URI=/Euro2012/index.php?r=site/leaveBet
in /Projects/Euro2012/protected/views/site/showBet.php (4)
in /Projects/Euro2012/protected/controllers/SiteController.php (54)
in /Projects/Euro2012/index.php (13)
2012/05/28 15:36:58 [error] [system.db.CDbCommand] CDbCommand::execute() failed: SQLSTATE[23000]: Integrity constraint violation: 1062 Duplicate entry 'suku' for key 'NimiMerkki'. The SQL statement executed was: INSERT INTO `Veikkaaja` (`Nimi`, `NimiMerkki`, `SahkoPosti`) VALUES (:yp0, :yp1, :yp2).
in /Projects/Euro2012/protected/managers/VeikkausManager.php (17)
in /Projects/Euro2012/protected/managers/VeikkausManager.php (6)
in /Projects/Euro2012/protected/controllers/SiteController.php (52)
2012/05/28 15:36:58 [error] [exception.CDbException] exception 'CDbException' with message 'CDbCommand failed to execute the SQL statement: SQLSTATE[23000]: Integrity constraint violation: 1062 Duplicate entry 'suku' for key 'NimiMerkki'. The SQL statement executed was: INSERT INTO `Veikkaaja` (`Nimi`, `NimiMerkki`, `SahkoPosti`) VALUES (:yp0, :yp1, :yp2)' in /Projects/yii/framework/db/CDbCommand.php:354
Stack trace:
#0 /Projects/yii/framework/db/ar/CActiveRecord.php(1014): CDbCommand->execute()
#1 /Projects/yii/framework/db/ar/CActiveRecord.php(787): CActiveRecord->insert(NULL)
#2 /Projects/Euro2012/protected/managers/VeikkausManager.php(17): CActiveRecord->save()
#3 /Projects/Euro2012/protected/managers/VeikkausManager.php(6): VeikkausManager->buildAndSaveVeikkaaja(Array)
#4 /Projects/Euro2012/protected/controllers/SiteController.php(52): VeikkausManager->leaveBet(Array)
#5 /Projects/yii/framework/web/actions/CInlineAction.php(50): SiteController->actionLeaveBet()
#6 /Projects/yii/framework/web/CController.php(309): CInlineAction->runWithParams(Array)
#7 /Projects/yii/framework/web/CController.php(287): CController->runAction(Object(CInlineAction))
#8 /Projects/yii/framework/web/CController.php(266): CController->runActionWithFilters(Object(CInlineAction), Array)
#9 /Projects/yii/framework/web/CWebApplication.php(276): CController->run('leaveBet')
#10 /Projects/yii/framework/web/CWebApplication.php(135): CWebApplication->runController('site/leaveBet')
#11 /Projects/yii/framework/base/CApplication.php(162): CWebApplication->processRequest()
#12 /Projects/Euro2012/index.php(13): CApplication->run()
#13 {main}
REQUEST_URI=/Euro2012/index.php?r=site/leaveBet
HTTP_REFERER=http://localhost/Euro2012/index.php?r=site/leaveBet
---
2012/05/30 14:33:28 [error] [system.db.CDbCommand] CDbCommand::fetchAll() failed: SQLSTATE[42000]: Syntax error or access violation: 1064 You have an error in your SQL syntax; check the manual that corresponds to your MySQL server version for the right syntax to use near 'AND VeikkausID=1 ORDER BY LohkoVeikkausID' at line 1. The SQL statement executed was: SELECT * FROM `LohkoVeikkaus` `t` WHERE VeikkaajaID= AND VeikkausID=1 ORDER BY LohkoVeikkausID.
in /Projects/Euro2012/protected/managers/VeikkausManager.php (77)
in /Projects/Euro2012/protected/controllers/SiteController.php (38)
in /Projects/Euro2012/index.php (13)
2012/05/30 14:33:28 [error] [exception.CDbException] exception 'CDbException' with message 'CDbCommand failed to execute the SQL statement: SQLSTATE[42000]: Syntax error or access violation: 1064 You have an error in your SQL syntax; check the manual that corresponds to your MySQL server version for the right syntax to use near 'AND VeikkausID=1 ORDER BY LohkoVeikkausID' at line 1. The SQL statement executed was: SELECT * FROM `LohkoVeikkaus` `t` WHERE VeikkaajaID= AND VeikkausID=1 ORDER BY LohkoVeikkausID' in /Projects/yii/framework/db/CDbCommand.php:528
Stack trace:
#0 /Projects/yii/framework/db/CDbCommand.php(390): CDbCommand->queryInternal('fetchAll', Array, Array)
#1 /Projects/yii/framework/db/ar/CActiveRecord.php(1287): CDbCommand->queryAll()
#2 /Projects/yii/framework/db/ar/CActiveRecord.php(1406): CActiveRecord->query(Object(CDbCriteria), true)
#3 /Projects/Euro2012/protected/managers/VeikkausManager.php(77): CActiveRecord->findAll(Array)
#4 /Projects/Euro2012/protected/controllers/SiteController.php(38): VeikkausManager->getAllBets(1)
#5 /Projects/yii/framework/web/actions/CInlineAction.php(50): SiteController->actionShowBet()
#6 /Projects/yii/framework/web/CController.php(309): CInlineAction->runWithParams(Array)
#7 /Projects/yii/framework/web/CController.php(287): CController->runAction(Object(CInlineAction))
#8 /Projects/yii/framework/web/CController.php(266): CController->runActionWithFilters(Object(CInlineAction), Array)
#9 /Projects/yii/framework/web/CWebApplication.php(276): CController->run('showBet')
#10 /Projects/yii/framework/web/CWebApplication.php(135): CWebApplication->runController('site/showBet')
#11 /Projects/yii/framework/base/CApplication.php(162): CWebApplication->processRequest()
#12 /Projects/Euro2012/index.php(13): CApplication->run()
#13 {main}
REQUEST_URI=/Euro2012/index.php?r=site/showBet
HTTP_REFERER=http://localhost/Euro2012/
---
2012/05/30 14:36:01 [error] [system.db.CDbCommand] CDbCommand::fetchAll() failed: SQLSTATE[42000]: Syntax error or access violation: 1064 You have an error in your SQL syntax; check the manual that corresponds to your MySQL server version for the right syntax to use near 'AND VeikkausID=1 ORDER BY LohkoVeikkausID' at line 1. The SQL statement executed was: SELECT * FROM `LohkoVeikkaus` `t` WHERE VeikkaajaID= AND VeikkausID=1 ORDER BY LohkoVeikkausID.
in /Projects/Euro2012/protected/managers/VeikkausManager.php (77)
in /Projects/Euro2012/protected/controllers/SiteController.php (38)
in /Projects/Euro2012/index.php (13)
2012/05/30 14:36:01 [error] [exception.CDbException] exception 'CDbException' with message 'CDbCommand failed to execute the SQL statement: SQLSTATE[42000]: Syntax error or access violation: 1064 You have an error in your SQL syntax; check the manual that corresponds to your MySQL server version for the right syntax to use near 'AND VeikkausID=1 ORDER BY LohkoVeikkausID' at line 1. The SQL statement executed was: SELECT * FROM `LohkoVeikkaus` `t` WHERE VeikkaajaID= AND VeikkausID=1 ORDER BY LohkoVeikkausID' in /Projects/yii/framework/db/CDbCommand.php:528
Stack trace:
#0 /Projects/yii/framework/db/CDbCommand.php(390): CDbCommand->queryInternal('fetchAll', Array, Array)
#1 /Projects/yii/framework/db/ar/CActiveRecord.php(1287): CDbCommand->queryAll()
#2 /Projects/yii/framework/db/ar/CActiveRecord.php(1406): CActiveRecord->query(Object(CDbCriteria), true)
#3 /Projects/Euro2012/protected/managers/VeikkausManager.php(77): CActiveRecord->findAll(Array)
#4 /Projects/Euro2012/protected/controllers/SiteController.php(38): VeikkausManager->getAllBets(1)
#5 /Projects/yii/framework/web/actions/CInlineAction.php(50): SiteController->actionShowBet()
#6 /Projects/yii/framework/web/CController.php(309): CInlineAction->runWithParams(Array)
#7 /Projects/yii/framework/web/CController.php(287): CController->runAction(Object(CInlineAction))
#8 /Projects/yii/framework/web/CController.php(266): CController->runActionWithFilters(Object(CInlineAction), Array)
#9 /Projects/yii/framework/web/CWebApplication.php(276): CController->run('showBet')
#10 /Projects/yii/framework/web/CWebApplication.php(135): CWebApplication->runController('site/showBet')
#11 /Projects/yii/framework/base/CApplication.php(162): CWebApplication->processRequest()
#12 /Projects/Euro2012/index.php(13): CApplication->run()
#13 {main}
REQUEST_URI=/Euro2012/index.php?r=site/showBet
HTTP_REFERER=http://localhost/Euro2012/
---
2012/05/30 14:36:48 [error] [system.db.CDbCommand] CDbCommand::fetchAll() failed: SQLSTATE[42S22]: Column not found: 1054 Unknown column 'Array' in 'where clause'. The SQL statement executed was: SELECT * FROM `LohkoVeikkaus` `t` WHERE VeikkaajaID=Array AND VeikkausID=1 ORDER BY LohkoVeikkausID.
in /Projects/Euro2012/protected/managers/VeikkausManager.php (77)
in /Projects/Euro2012/protected/controllers/SiteController.php (38)
in /Projects/Euro2012/index.php (13)
2012/05/30 14:36:48 [error] [exception.CDbException] exception 'CDbException' with message 'CDbCommand failed to execute the SQL statement: SQLSTATE[42S22]: Column not found: 1054 Unknown column 'Array' in 'where clause'. The SQL statement executed was: SELECT * FROM `LohkoVeikkaus` `t` WHERE VeikkaajaID=Array AND VeikkausID=1 ORDER BY LohkoVeikkausID' in /Projects/yii/framework/db/CDbCommand.php:528
Stack trace:
#0 /Projects/yii/framework/db/CDbCommand.php(390): CDbCommand->queryInternal('fetchAll', Array, Array)
#1 /Projects/yii/framework/db/ar/CActiveRecord.php(1287): CDbCommand->queryAll()
#2 /Projects/yii/framework/db/ar/CActiveRecord.php(1406): CActiveRecord->query(Object(CDbCriteria), true)
#3 /Projects/Euro2012/protected/managers/VeikkausManager.php(77): CActiveRecord->findAll(Array)
#4 /Projects/Euro2012/protected/controllers/SiteController.php(38): VeikkausManager->getAllBets(1)
#5 /Projects/yii/framework/web/actions/CInlineAction.php(50): SiteController->actionShowBet()
#6 /Projects/yii/framework/web/CController.php(309): CInlineAction->runWithParams(Array)
#7 /Projects/yii/framework/web/CController.php(287): CController->runAction(Object(CInlineAction))
#8 /Projects/yii/framework/web/CController.php(266): CController->runActionWithFilters(Object(CInlineAction), Array)
#9 /Projects/yii/framework/web/CWebApplication.php(276): CController->run('showBet')
#10 /Projects/yii/framework/web/CWebApplication.php(135): CWebApplication->runController('site/showBet')
#11 /Projects/yii/framework/base/CApplication.php(162): CWebApplication->processRequest()
#12 /Projects/Euro2012/index.php(13): CApplication->run()
#13 {main}
REQUEST_URI=/Euro2012/index.php?r=site/showBet
HTTP_REFERER=http://localhost/Euro2012/
---
2012/05/30 14:37:16 [error] [php] Invalid argument supplied for foreach() (/Projects/Euro2012/protected/managers/VeikkausManager.php:75)
Stack trace:
#0 /Projects/yii/framework/web/CController.php(309): CInlineAction->runWithParams()
#1 /Projects/yii/framework/web/CController.php(287): SiteController->runAction()
#2 /Projects/yii/framework/web/CController.php(266): SiteController->runActionWithFilters()
#3 /Projects/yii/framework/web/CWebApplication.php(276): SiteController->run()
#4 /Projects/yii/framework/web/CWebApplication.php(135): CWebApplication->runController()
#5 /Projects/yii/framework/base/CApplication.php(162): CWebApplication->processRequest()
#6 /Projects/Euro2012/index.php(13): CWebApplication->run()
REQUEST_URI=/Euro2012/index.php?r=site/showBet
in /Projects/Euro2012/protected/managers/VeikkausManager.php (75)
in /Projects/Euro2012/protected/controllers/SiteController.php (38)
in /Projects/Euro2012/index.php (13)
2012/05/30 14:37:30 [error] [system.db.CDbCommand] CDbCommand::fetchAll() failed: SQLSTATE[42000]: Syntax error or access violation: 1064 You have an error in your SQL syntax; check the manual that corresponds to your MySQL server version for the right syntax to use near 'AND VeikkausID=1 ORDER BY LohkoVeikkausID' at line 1. The SQL statement executed was: SELECT * FROM `LohkoVeikkaus` `t` WHERE VeikkaajaID= AND VeikkausID=1 ORDER BY LohkoVeikkausID.
in /Projects/Euro2012/protected/managers/VeikkausManager.php (77)
in /Projects/Euro2012/protected/controllers/SiteController.php (38)
in /Projects/Euro2012/index.php (13)
2012/05/30 14:37:30 [error] [exception.CDbException] exception 'CDbException' with message 'CDbCommand failed to execute the SQL statement: SQLSTATE[42000]: Syntax error or access violation: 1064 You have an error in your SQL syntax; check the manual that corresponds to your MySQL server version for the right syntax to use near 'AND VeikkausID=1 ORDER BY LohkoVeikkausID' at line 1. The SQL statement executed was: SELECT * FROM `LohkoVeikkaus` `t` WHERE VeikkaajaID= AND VeikkausID=1 ORDER BY LohkoVeikkausID' in /Projects/yii/framework/db/CDbCommand.php:528
Stack trace:
#0 /Projects/yii/framework/db/CDbCommand.php(390): CDbCommand->queryInternal('fetchAll', Array, Array)
#1 /Projects/yii/framework/db/ar/CActiveRecord.php(1287): CDbCommand->queryAll()
#2 /Projects/yii/framework/db/ar/CActiveRecord.php(1406): CActiveRecord->query(Object(CDbCriteria), true)
#3 /Projects/Euro2012/protected/managers/VeikkausManager.php(77): CActiveRecord->findAll(Array)
#4 /Projects/Euro2012/protected/controllers/SiteController.php(38): VeikkausManager->getAllBets(1)
#5 /Projects/yii/framework/web/actions/CInlineAction.php(50): SiteController->actionShowBet()
#6 /Projects/yii/framework/web/CController.php(309): CInlineAction->runWithParams(Array)
#7 /Projects/yii/framework/web/CController.php(287): CController->runAction(Object(CInlineAction))
#8 /Projects/yii/framework/web/CController.php(266): CController->runActionWithFilters(Object(CInlineAction), Array)
#9 /Projects/yii/framework/web/CWebApplication.php(276): CController->run('showBet')
#10 /Projects/yii/framework/web/CWebApplication.php(135): CWebApplication->runController('site/showBet')
#11 /Projects/yii/framework/base/CApplication.php(162): CWebApplication->processRequest()
#12 /Projects/Euro2012/index.php(13): CApplication->run()
#13 {main}
REQUEST_URI=/Euro2012/index.php?r=site/showBet
HTTP_REFERER=http://localhost/Euro2012/
---
2012/05/30 14:39:24 [error] [php] array_push() expects parameter 1 to be array, null given (/Projects/Euro2012/protected/managers/VeikkausManager.php:87)
Stack trace:
#0 /Projects/yii/framework/web/actions/CInlineAction.php(50): SiteController->actionShowBet()
#1 /Projects/yii/framework/web/CController.php(309): CInlineAction->runWithParams()
#2 /Projects/yii/framework/web/CController.php(287): SiteController->runAction()
#3 /Projects/yii/framework/web/CController.php(266): SiteController->runActionWithFilters()
#4 /Projects/yii/framework/web/CWebApplication.php(276): SiteController->run()
#5 /Projects/yii/framework/web/CWebApplication.php(135): CWebApplication->runController()
#6 /Projects/yii/framework/base/CApplication.php(162): CWebApplication->processRequest()
#7 /Projects/Euro2012/index.php(13): CWebApplication->run()
REQUEST_URI=/Euro2012/index.php?r=site/showBet
in /Projects/Euro2012/protected/managers/VeikkausManager.php (87)
in /Projects/Euro2012/protected/controllers/SiteController.php (38)
in /Projects/Euro2012/index.php (13)
2012/06/01 12:46:43 [error] [exception.CHttpException.404] exception 'CHttpException' with message 'Unable to resolve the request "veikkaus/create".' in /Projects/yii/framework/web/CWebApplication.php:280
Stack trace:
#0 /Projects/yii/framework/web/CWebApplication.php(135): CWebApplication->runController('veikkaus/create')
#1 /Projects/yii/framework/base/CApplication.php(162): CWebApplication->processRequest()
#2 /Projects/Euro2012/index.php(13): CApplication->run()
#3 {main}
REQUEST_URI=/Euro2012/index.php?r=veikkaus/create
HTTP_REFERER=http://localhost/Euro2012/index.php?r=site/showBet
---
2012/06/01 12:47:29 [error] [exception.CHttpException.404] exception 'CHttpException' with message 'Unable to resolve the request "veikkaus/create".' in /Projects/yii/framework/web/CWebApplication.php:280
Stack trace:
#0 /Projects/yii/framework/web/CWebApplication.php(135): CWebApplication->runController('veikkaus/create')
#1 /Projects/yii/framework/base/CApplication.php(162): CWebApplication->processRequest()
#2 /Projects/Euro2012/index.php(13): CApplication->run()
#3 {main}
REQUEST_URI=/Euro2012/index.php?r=veikkaus/create
HTTP_REFERER=http://localhost/Euro2012/index.php?r=site/showBet
---
2012/06/01 12:47:30 [error] [exception.CHttpException.404] exception 'CHttpException' with message 'Unable to resolve the request "veikkaus/create".' in /Projects/yii/framework/web/CWebApplication.php:280
Stack trace:
#0 /Projects/yii/framework/web/CWebApplication.php(135): CWebApplication->runController('veikkaus/create')
#1 /Projects/yii/framework/base/CApplication.php(162): CWebApplication->processRequest()
#2 /Projects/Euro2012/index.php(13): CApplication->run()
#3 {main}
REQUEST_URI=/Euro2012/index.php?r=veikkaus/create
HTTP_REFERER=http://localhost/Euro2012/index.php?r=site/showBet
---
2012/06/01 12:47:31 [error] [exception.CHttpException.404] exception 'CHttpException' with message 'Unable to resolve the request "veikkaus/create".' in /Projects/yii/framework/web/CWebApplication.php:280
Stack trace:
#0 /Projects/yii/framework/web/CWebApplication.php(135): CWebApplication->runController('veikkaus/create')
#1 /Projects/yii/framework/base/CApplication.php(162): CWebApplication->processRequest()
#2 /Projects/Euro2012/index.php(13): CApplication->run()
#3 {main}
REQUEST_URI=/Euro2012/index.php?r=veikkaus/create
HTTP_REFERER=http://localhost/Euro2012/index.php?r=veikkaus/create
---
2012/06/01 12:47:32 [error] [exception.CHttpException.404] exception 'CHttpException' with message 'Unable to resolve the request "veikkaus/create".' in /Projects/yii/framework/web/CWebApplication.php:280
Stack trace:
#0 /Projects/yii/framework/web/CWebApplication.php(135): CWebApplication->runController('veikkaus/create')
#1 /Projects/yii/framework/base/CApplication.php(162): CWebApplication->processRequest()
#2 /Projects/Euro2012/index.php(13): CApplication->run()
#3 {main}
REQUEST_URI=/Euro2012/index.php?r=veikkaus/create
---
2012/06/01 12:48:35 [error] [exception.CHttpException.404] exception 'CHttpException' with message 'Unable to resolve the request "veikkaus/create".' in /Projects/yii/framework/web/CWebApplication.php:280
Stack trace:
#0 /Projects/yii/framework/web/CWebApplication.php(135): CWebApplication->runController('veikkaus/create')
#1 /Projects/yii/framework/base/CApplication.php(162): CWebApplication->processRequest()
#2 /Projects/Euro2012/index.php(13): CApplication->run()
#3 {main}
REQUEST_URI=/Euro2012/index.php?r=veikkaus/create
HTTP_REFERER=http://localhost/Euro2012/index.php?r=veikkaus/create
---
2012/06/01 12:48:37 [error] [exception.CHttpException.404] exception 'CHttpException' with message 'Unable to resolve the request "veikkaus/create".' in /Projects/yii/framework/web/CWebApplication.php:280
Stack trace:
#0 /Projects/yii/framework/web/CWebApplication.php(135): CWebApplication->runController('veikkaus/create')
#1 /Projects/yii/framework/base/CApplication.php(162): CWebApplication->processRequest()
#2 /Projects/Euro2012/index.php(13): CApplication->run()
#3 {main}
REQUEST_URI=/Euro2012/index.php?r=veikkaus/create
HTTP_REFERER=http://localhost/Euro2012/index.php?r=site/showBet
---
2012/06/01 12:49:02 [error] [exception.CException] exception 'CException' with message 'VeikkausController cannot find the requested view "create".' in /Projects/yii/framework/web/CController.php:879
Stack trace:
#0 /Projects/yii/framework/web/CController.php(783): CController->renderPartial('create', Array, true)
#1 /Projects/Euro2012/protected/controllers/VeikkausController.php(78): CController->render('create', Array)
#2 /Projects/yii/framework/web/actions/CInlineAction.php(50): VeikkausController->actionCreate()
#3 /Projects/yii/framework/web/CController.php(309): CInlineAction->runWithParams(Array)
#4 /Projects/yii/framework/web/filters/CFilterChain.php(134): CController->runAction(Object(CInlineAction))
#5 /Projects/yii/framework/web/filters/CFilter.php(41): CFilterChain->run()
#6 /Projects/yii/framework/web/CController.php(1146): CFilter->filter(Object(CFilterChain))
#7 /Projects/yii/framework/web/filters/CInlineFilter.php(59): CController->filterAccessControl(Object(CFilterChain))
#8 /Projects/yii/framework/web/filters/CFilterChain.php(131): CInlineFilter->filter(Object(CFilterChain))
#9 /Projects/yii/framework/web/CController.php(292): CFilterChain->run()
#10 /Projects/yii/framework/web/CController.php(266): CController->runActionWithFilters(Object(CInlineAction), Array)
#11 /Projects/yii/framework/web/CWebApplication.php(276): CController->run('create')
#12 /Projects/yii/framework/web/CWebApplication.php(135): CWebApplication->runController('veikkaus/create')
#13 /Projects/yii/framework/base/CApplication.php(162): CWebApplication->processRequest()
#14 /Projects/Euro2012/index.php(13): CApplication->run()
#15 {main}
REQUEST_URI=/Euro2012/index.php?r=veikkaus/create
HTTP_REFERER=http://localhost/Euro2012/index.php?r=site/showBet
---
2012/06/01 12:49:53 [error] [exception.CHttpException.404] exception 'CHttpException' with message 'Unable to resolve the request "veikkaus/create".' in /Projects/yii/framework/web/CWebApplication.php:280
Stack trace:
#0 /Projects/yii/framework/web/CWebApplication.php(135): CWebApplication->runController('veikkaus/create')
#1 /Projects/yii/framework/base/CApplication.php(162): CWebApplication->processRequest()
#2 /Projects/Euro2012/index.php(13): CApplication->run()
#3 {main}
REQUEST_URI=/Euro2012/index.php?r=veikkaus/create
HTTP_REFERER=http://localhost/Euro2012/index.php?r=site/showBet
---
2012/06/01 12:50:12 [error] [exception.CHttpException.404] exception 'CHttpException' with message 'The system is unable to find the requested action "login".' in /Projects/yii/framework/web/CController.php:484
Stack trace:
#0 /Projects/yii/framework/web/CController.php(271): CController->missingAction('login')
#1 /Projects/yii/framework/web/CWebApplication.php(276): CController->run('login')
#2 /Projects/yii/framework/web/CWebApplication.php(135): CWebApplication->runController('site/login')
#3 /Projects/yii/framework/base/CApplication.php(162): CWebApplication->processRequest()
#4 /Projects/Euro2012/index.php(13): CApplication->run()
#5 {main}
REQUEST_URI=/Euro2012/index.php?r=site/login
HTTP_REFERER=http://localhost/Euro2012/index.php?r=veikkausController/index
---
2012/06/01 12:53:27 [error] [exception.CHttpException.404] exception 'CHttpException' with message 'The system is unable to find the requested action "login".' in /Projects/yii/framework/web/CController.php:484
Stack trace:
#0 /Projects/yii/framework/web/CController.php(271): CController->missingAction('login')
#1 /Projects/yii/framework/web/CWebApplication.php(276): CController->run('login')
#2 /Projects/yii/framework/web/CWebApplication.php(135): CWebApplication->runController('site/login')
#3 /Projects/yii/framework/base/CApplication.php(162): CWebApplication->processRequest()
#4 /Projects/Euro2012/index.php(13): CApplication->run()
#5 {main}
REQUEST_URI=/Euro2012/index.php?r=site/login
HTTP_REFERER=http://localhost/Euro2012/index.php?r=veikkausController/create
---
2012/06/01 13:02:01 [error] [php] Invalid argument supplied for foreach() (/Projects/Euro2012/protected/views/site/showBet.php:15)
Stack trace:
#0 /Projects/yii/framework/web/CController.php(870): SiteController->renderFile()
#1 /Projects/yii/framework/web/CController.php(783): SiteController->renderPartial()
#2 /Projects/Euro2012/protected/controllers/SiteController.php(78): SiteController->render()
#3 /Projects/yii/framework/web/actions/CInlineAction.php(50): SiteController->actionLeaveBet()
#4 /Projects/yii/framework/web/CController.php(309): CInlineAction->runWithParams()
#5 /Projects/yii/framework/web/CController.php(287): SiteController->runAction()
#6 /Projects/yii/framework/web/CController.php(266): SiteController->runActionWithFilters()
#7 /Projects/yii/framework/web/CWebApplication.php(276): SiteController->run()
#8 /Projects/yii/framework/web/CWebApplication.php(135): CWebApplication->runController()
#9 /Projects/yii/framework/base/CApplication.php(162): CWebApplication->processRequest()
#10 /Projects/Euro2012/index.php(13): CWebApplication->run()
REQUEST_URI=/Euro2012/index.php?r=site/leaveBet
in /Projects/Euro2012/protected/views/site/showBet.php (15)
in /Projects/Euro2012/protected/controllers/SiteController.php (78)
in /Projects/Euro2012/index.php (13)
2012/06/03 11:08:01 [error] [exception.CHttpException.404] exception 'CHttpException' with message 'Unable to resolve the request "gii".' in /Projects/yii/framework/web/CWebApplication.php:280
Stack trace:
#0 /Projects/yii/framework/web/CWebApplication.php(135): CWebApplication->runController('gii')
#1 /Projects/yii/framework/base/CApplication.php(162): CWebApplication->processRequest()
#2 /Projects/Euro2012/index.php(13): CApplication->run()
#3 {main}
REQUEST_URI=/Euro2012/index.php?r=gii
---
2012/06/03 11:08:04 [error] [exception.CHttpException.404] exception 'CHttpException' with message 'Unable to resolve the request "gii".' in /Projects/yii/framework/web/CWebApplication.php:280
Stack trace:
#0 /Projects/yii/framework/web/CWebApplication.php(135): CWebApplication->runController('gii')
#1 /Projects/yii/framework/base/CApplication.php(162): CWebApplication->processRequest()
#2 /Projects/Euro2012/index.php(13): CApplication->run()
#3 {main}
REQUEST_URI=/Euro2012/index.php?r=gii
---
2012/06/03 11:12:38 [error] [exception.CHttpException.404] exception 'CHttpException' with message 'The system is unable to find the requested action "login".' in /Projects/yii/framework/web/CController.php:484
Stack trace:
#0 /Projects/yii/framework/web/CController.php(271): CController->missingAction('login')
#1 /Projects/yii/framework/web/CWebApplication.php(276): CController->run('login')
#2 /Projects/yii/framework/web/CWebApplication.php(135): CWebApplication->runController('site/login')
#3 /Projects/yii/framework/base/CApplication.php(162): CWebApplication->processRequest()
#4 /Projects/Euro2012/index.php(13): CApplication->run()
#5 {main}
REQUEST_URI=/Euro2012/index.php?r=site/login
HTTP_REFERER=http://localhost/Euro2012/index.php?r=voittajaTulos
---
2012/06/03 11:12:43 [error] [exception.CHttpException.404] exception 'CHttpException' with message 'The system is unable to find the requested action "login".' in /Projects/yii/framework/web/CController.php:484
Stack trace:
#0 /Projects/yii/framework/web/CController.php(271): CController->missingAction('login')
#1 /Projects/yii/framework/web/CWebApplication.php(276): CController->run('login')
#2 /Projects/yii/framework/web/CWebApplication.php(135): CWebApplication->runController('site/login')
#3 /Projects/yii/framework/base/CApplication.php(162): CWebApplication->processRequest()
#4 /Projects/Euro2012/index.php(13): CApplication->run()
#5 {main}
REQUEST_URI=/Euro2012/index.php?r=site/login
HTTP_REFERER=http://localhost/Euro2012/index.php?r=lohkoTulos
---
2012/06/03 11:13:16 [error] [exception.CHttpException.404] exception 'CHttpException' with message 'The system is unable to find the requested action "login".' in /Projects/yii/framework/web/CController.php:484
Stack trace:
#0 /Projects/yii/framework/web/CController.php(271): CController->missingAction('login')
#1 /Projects/yii/framework/web/CWebApplication.php(276): CController->run('login')
#2 /Projects/yii/framework/web/CWebApplication.php(135): CWebApplication->runController('site/login')
#3 /Projects/yii/framework/base/CApplication.php(162): CWebApplication->processRequest()
#4 /Projects/Euro2012/index.php(13): CApplication->run()
#5 {main}
REQUEST_URI=/Euro2012/index.php?r=site/login
---
2012/06/03 11:15:53 [error] [exception.CHttpException.404] exception 'CHttpException' with message 'The system is unable to find the requested action "login".' in /Projects/yii/framework/web/CController.php:484
Stack trace:
#0 /Projects/yii/framework/web/CController.php(271): CController->missingAction('login')
#1 /Projects/yii/framework/web/CWebApplication.php(276): CController->run('login')
#2 /Projects/yii/framework/web/CWebApplication.php(135): CWebApplication->runController('site/login')
#3 /Projects/yii/framework/base/CApplication.php(162): CWebApplication->processRequest()
#4 /Projects/Euro2012/index.php(13): CApplication->run()
#5 {main}
REQUEST_URI=/Euro2012/index.php?r=site/login
---
2012/06/03 11:16:44 [error] [exception.CHttpException.404] exception 'CHttpException' with message 'The system is unable to find the requested action "login".' in /Projects/yii/framework/web/CController.php:484
Stack trace:
#0 /Projects/yii/framework/web/CController.php(271): CController->missingAction('login')
#1 /Projects/yii/framework/web/CWebApplication.php(276): CController->run('login')
#2 /Projects/yii/framework/web/CWebApplication.php(135): CWebApplication->runController('site/login')
#3 /Projects/yii/framework/base/CApplication.php(162): CWebApplication->processRequest()
#4 /Projects/Euro2012/index.php(13): CApplication->run()
#5 {main}
REQUEST_URI=/Euro2012/index.php?r=site/login
HTTP_REFERER=http://localhost/Euro2012/index.php?r=lohkoTulos/view&id=1
---
2012/06/03 11:17:25 [error] [exception.CHttpException.404] exception 'CHttpException' with message 'The system is unable to find the requested action "login".' in /Projects/yii/framework/web/CController.php:484
Stack trace:
#0 /Projects/yii/framework/web/CController.php(271): CController->missingAction('login')
#1 /Projects/yii/framework/web/CWebApplication.php(276): CController->run('login')
#2 /Projects/yii/framework/web/CWebApplication.php(135): CWebApplication->runController('site/login')
#3 /Projects/yii/framework/base/CApplication.php(162): CWebApplication->processRequest()
#4 /Projects/Euro2012/index.php(13): CApplication->run()
#5 {main}
REQUEST_URI=/Euro2012/index.php?r=site/login
HTTP_REFERER=http://localhost/Euro2012/index.php?r=lohkoTulos/view&id=1
---
2012/06/03 11:23:13 [error] [exception.CHttpException.404] exception 'CHttpException' with message 'The system is unable to find the requested action "login".' in /Projects/yii/framework/web/CController.php:484
Stack trace:
#0 /Projects/yii/framework/web/CController.php(271): CController->missingAction('login')
#1 /Projects/yii/framework/web/CWebApplication.php(276): CController->run('login')
#2 /Projects/yii/framework/web/CWebApplication.php(135): CWebApplication->runController('site/login')
#3 /Projects/yii/framework/base/CApplication.php(162): CWebApplication->processRequest()
#4 /Projects/Euro2012/index.php(13): CApplication->run()
#5 {main}
REQUEST_URI=/Euro2012/index.php?r=site/login
---
2012/06/03 11:24:04 [error] [exception.CHttpException.404] exception 'CHttpException' with message 'The system is unable to find the requested action "login".' in /Projects/yii/framework/web/CController.php:484
Stack trace:
#0 /Projects/yii/framework/web/CController.php(271): CController->missingAction('login')
#1 /Projects/yii/framework/web/CWebApplication.php(276): CController->run('login')
#2 /Projects/yii/framework/web/CWebApplication.php(135): CWebApplication->runController('site/login')
#3 /Projects/yii/framework/base/CApplication.php(162): CWebApplication->processRequest()
#4 /Projects/Euro2012/index.php(13): CApplication->run()
#5 {main}
REQUEST_URI=/Euro2012/index.php?r=site/login
---
2012/06/03 11:24:07 [error] [exception.CHttpException.404] exception 'CHttpException' with message 'The system is unable to find the requested action "login".' in /Projects/yii/framework/web/CController.php:484
Stack trace:
#0 /Projects/yii/framework/web/CController.php(271): CController->missingAction('login')
#1 /Projects/yii/framework/web/CWebApplication.php(276): CController->run('login')
#2 /Projects/yii/framework/web/CWebApplication.php(135): CWebApplication->runController('site/login')
#3 /Projects/yii/framework/base/CApplication.php(162): CWebApplication->processRequest()
#4 /Projects/Euro2012/index.php(13): CApplication->run()
#5 {main}
REQUEST_URI=/Euro2012/index.php?r=site/login
---
2012/06/03 11:24:18 [error] [exception.CHttpException.404] exception 'CHttpException' with message 'The system is unable to find the requested action "login".' in /Projects/yii/framework/web/CController.php:484
Stack trace:
#0 /Projects/yii/framework/web/CController.php(271): CController->missingAction('login')
#1 /Projects/yii/framework/web/CWebApplication.php(276): CController->run('login')
#2 /Projects/yii/framework/web/CWebApplication.php(135): CWebApplication->runController('site/login')
#3 /Projects/yii/framework/base/CApplication.php(162): CWebApplication->processRequest()
#4 /Projects/Euro2012/index.php(13): CApplication->run()
#5 {main}
REQUEST_URI=/Euro2012/index.php?r=site/login
---
2012/06/03 11:25:00 [error] [exception.CHttpException.404] exception 'CHttpException' with message 'The system is unable to find the requested action "login".' in /Projects/yii/framework/web/CController.php:484
Stack trace:
#0 /Projects/yii/framework/web/CController.php(271): CController->missingAction('login')
#1 /Projects/yii/framework/web/CWebApplication.php(276): CController->run('login')
#2 /Projects/yii/framework/web/CWebApplication.php(135): CWebApplication->runController('site/login')
#3 /Projects/yii/framework/base/CApplication.php(162): CWebApplication->processRequest()
#4 /Projects/Euro2012/index.php(13): CApplication->run()
#5 {main}
REQUEST_URI=/Euro2012/index.php?r=site/login
HTTP_REFERER=http://localhost/Euro2012/index.php?r=voittajaTulos/admin
---
